TN:
SF:src/components/atoms/Badge.tsx
FN:18,(anonymous_0)
FN:28,(anonymous_1)
FNF:2
FNH:2
FNDA:23,(anonymous_0)
FNDA:23,(anonymous_1)
DA:18,5
DA:26,23
DA:28,23
DA:29,23
DA:31,5
DA:33,2
DA:35,7
DA:37,0
DA:39,9
DA:41,0
DA:45,23
DA:47,23
DA:83,5
LF:13
LH:11
BRDA:20,0,0,0
BRDA:23,1,0,14
BRDA:29,2,0,5
BRDA:29,2,1,2
BRDA:29,2,2,7
BRDA:29,2,3,0
BRDA:29,2,4,9
BRDA:29,2,5,0
BRDA:51,3,0,23
BRDA:51,3,1,23
BRDA:57,4,0,9
BRDA:57,4,1,14
BRDA:58,5,0,9
BRDA:58,5,1,14
BRDA:70,6,0,9
BRDA:70,6,1,14
BRF:16
BRH:13
end_of_record
TN:
SF:src/components/atoms/Button.tsx
FN:22,Button
FN:38,(anonymous_1)
FN:54,(anonymous_2)
FNF:3
FNH:3
FNDA:361,Button
FNDA:361,(anonymous_1)
FNDA:361,(anonymous_2)
DA:34,361
DA:35,361
DA:36,361
DA:38,361
DA:39,361
DA:41,0
DA:43,65
DA:45,73
DA:47,0
DA:50,223
DA:54,361
DA:55,361
DA:58,100
DA:60,0
DA:63,261
DA:67,361
DA:68,361
DA:70,361
DA:71,361
DA:73,361
DA:125,21
LF:21
LH:18
BRDA:25,0,0,201
BRDA:26,1,0,261
BRDA:27,2,0,296
BRDA:39,3,0,0
BRDA:39,3,1,65
BRDA:39,3,2,73
BRDA:39,3,3,0
BRDA:39,3,4,223
BRDA:39,3,5,223
BRDA:55,4,0,100
BRDA:55,4,1,0
BRDA:55,4,2,261
BRDA:55,4,3,261
BRDA:71,5,0,361
BRDA:71,5,1,315
BRDA:78,6,0,361
BRDA:78,6,1,108
BRDA:80,7,0,11
BRDA:80,7,1,350
BRDA:85,8,0,36
BRDA:85,8,1,325
BRDA:85,9,0,361
BRDA:85,9,1,57
BRDA:85,9,2,57
BRDA:86,10,0,0
BRDA:86,10,1,361
BRDA:86,11,0,361
BRDA:86,11,1,57
BRDA:87,12,0,65
BRDA:87,12,1,296
BRDA:96,13,0,11
BRDA:96,13,1,350
BRDA:99,14,0,0
BRDA:99,14,1,11
BRDA:99,15,0,11
BRDA:99,15,1,11
BRDA:103,16,0,350
BRDA:103,16,1,93
BRDA:108,17,0,46
BRDA:108,17,1,304
BRDA:111,18,0,93
BRDA:111,18,1,257
BRDA:112,19,0,0
BRDA:112,19,1,350
BRDA:118,20,0,350
BRDA:118,20,1,0
BRF:46
BRH:39
end_of_record
TN:
SF:src/components/atoms/Card.tsx
FN:12,(anonymous_0)
FNF:1
FNH:1
FNDA:78,(anonymous_0)
DA:12,7
DA:18,78
DA:20,78
DA:38,78
DA:41,7
LF:5
LH:5
BRDA:15,0,0,44
BRDA:16,1,0,15
BRDA:23,2,0,78
BRDA:23,2,1,78
BRDA:30,3,0,78
BRDA:30,3,1,0
BRDA:31,4,0,78
BRDA:31,4,1,0
BRDA:32,5,0,78
BRDA:32,5,1,0
BRDA:33,6,0,78
BRDA:33,6,1,71
BRDA:34,7,0,78
BRDA:34,7,1,7
BRF:14
BRH:11
end_of_record
TN:
SF:src/components/atoms/Chip.tsx
FN:16,Chip
FNF:1
FNH:1
FNDA:85,Chip
DA:24,85
DA:25,85
DA:26,85
DA:28,85
DA:29,85
DA:30,85
DA:32,85
DA:59,3
LF:8
LH:8
BRDA:18,0,0,3
BRDA:28,1,0,11
BRDA:28,1,1,74
BRDA:29,2,0,11
BRDA:29,2,1,74
BRDA:39,3,0,85
BRDA:39,3,1,5
BRDA:41,4,0,11
BRDA:41,4,1,74
BRF:9
BRH:9
end_of_record
TN:
SF:src/components/atoms/Divider.tsx
FN:10,(anonymous_0)
FNF:1
FNH:1
FNDA:21,(anonymous_0)
DA:10,3
DA:11,21
DA:13,21
DA:29,3
LF:4
LH:4
BRDA:21,0,0,1
BRDA:21,0,1,20
BRF:2
BRH:2
end_of_record
TN:
SF:src/components/atoms/ErrorBoundary.tsx
FN:15,(anonymous_0)
FN:20,(anonymous_1)
FN:24,(anonymous_2)
FN:29,(anonymous_3)
FN:33,(anonymous_4)
FNF:5
FNH:5
FNDA:7,(anonymous_0)
FNDA:8,(anonymous_1)
FNDA:4,(anonymous_2)
FNDA:1,(anonymous_3)
FNDA:17,(anonymous_4)
DA:16,7
DA:17,7
DA:21,8
DA:26,4
DA:29,7
DA:30,1
DA:34,17
DA:35,8
DA:36,6
DA:46,9
DA:50,1
LF:11
LH:11
BRDA:34,0,0,8
BRDA:34,0,1,9
BRDA:35,1,0,2
BRDA:35,1,1,6
BRF:4
BRH:4
end_of_record
TN:
SF:src/components/atoms/OfflineBanner.tsx
FN:8,OfflineBanner
FNF:1
FNH:1
FNDA:2,OfflineBanner
DA:9,2
DA:10,2
DA:12,2
DA:14,1
DA:28,1
LF:5
LH:5
BRDA:12,0,0,1
BRDA:12,0,1,1
BRF:2
BRH:2
end_of_record
TN:
SF:src/components/atoms/QueryBoundary.tsx
FN:17,QueryBoundary
FNF:1
FNH:1
FNDA:7,QueryBoundary
DA:26,7
DA:28,7
DA:29,1
DA:38,6
DA:40,3
DA:45,3
DA:57,3
DA:58,2
DA:61,1
DA:64,1
LF:10
LH:10
BRDA:28,0,0,1
BRDA:28,0,1,6
BRDA:28,1,0,7
BRDA:28,1,1,1
BRDA:30,2,0,1
BRDA:30,2,1,1
BRDA:38,3,0,3
BRDA:38,3,1,3
BRDA:40,4,0,2
BRDA:40,4,1,1
BRDA:42,5,0,0
BRDA:42,5,1,1
BRDA:48,6,0,3
BRDA:48,6,1,1
BRDA:57,7,0,2
BRDA:57,7,1,1
BRDA:58,8,0,2
BRDA:58,8,1,1
BRF:18
BRH:17
end_of_record
TN:
SF:src/components/atoms/Screen.tsx
FN:25,(anonymous_0)
FNF:1
FNH:1
FNDA:279,(anonymous_0)
DA:25,34
DA:35,279
DA:36,279
DA:38,279
DA:40,279
DA:51,279
DA:63,279
DA:64,246
DA:74,33
DA:77,34
LF:10
LH:10
BRDA:27,0,0,224
BRDA:28,1,0,161
BRDA:31,2,0,43
BRDA:38,3,0,279
BRDA:38,3,1,250
BRDA:45,4,0,255
BRDA:45,4,1,24
BRDA:46,5,0,210
BRDA:46,5,1,69
BRDA:51,6,0,55
BRDA:51,6,1,224
BRDA:63,7,0,246
BRDA:63,7,1,33
BRDA:67,8,0,246
BRDA:67,8,1,0
BRF:15
BRH:14
end_of_record
TN:
SF:src/components/atoms/TextInput.tsx
FN:27,(anonymous_0)
FN:98,(anonymous_1)
FN:102,(anonymous_2)
FNF:3
FNH:1
FNDA:516,(anonymous_0)
FNDA:0,(anonymous_1)
FNDA:0,(anonymous_2)
DA:26,18
DA:43,516
DA:44,516
DA:45,516
DA:47,516
DA:48,516
DA:51,516
DA:52,516
DA:54,516
DA:99,0
DA:100,0
DA:103,0
DA:104,0
DA:134,18
DA:136,18
LF:15
LH:11
BRDA:48,0,0,1
BRDA:48,0,1,515
BRDA:48,1,0,0
BRDA:48,1,1,515
BRDA:51,2,0,516
BRDA:51,2,1,76
BRDA:51,2,2,2
BRDA:52,3,0,1
BRDA:52,3,1,515
BRDA:52,4,0,515
BRDA:52,4,1,515
BRDA:56,5,0,516
BRDA:56,5,1,100
BRDA:82,6,0,516
BRDA:82,6,1,10
BRDA:108,7,0,516
BRDA:108,7,1,5
BRDA:115,8,0,516
BRDA:115,8,1,1
BRDA:115,9,0,516
BRDA:115,9,1,515
BRDA:121,10,0,1
BRDA:121,10,1,0
BRDA:126,11,0,1
BRDA:126,11,1,0
BRF:25
BRH:22
end_of_record
TN:
SF:src/components/atoms/ThemedText.tsx
FN:17,(anonymous_0)
FNF:1
FNH:1
FNDA:2552,(anonymous_0)
DA:15,42
DA:17,42
DA:28,2552
DA:30,2552
DA:37,2552
DA:38,624
DA:42,2552
DA:44,2552
LF:8
LH:8
BRDA:18,0,0,716
BRDA:32,1,0,2552
BRDA:32,1,1,849
BRDA:37,2,0,624
BRDA:37,2,1,1928
BRDA:42,3,0,2552
BRDA:42,3,1,2542
BRDA:42,4,0,479
BRDA:42,4,1,2063
BRF:9
BRH:9
end_of_record
TN:
SF:src/components/molecules/EmptyState.tsx
FN:15,(anonymous_0)
FNF:1
FNH:1
FNDA:12,(anonymous_0)
DA:15,6
DA:23,12
DA:25,12
DA:71,6
LF:4
LH:4
BRDA:27,0,0,12
BRDA:27,0,1,0
BRDA:45,1,0,12
BRDA:45,1,1,2
BRDA:59,2,0,12
BRDA:59,2,1,3
BRDA:59,2,2,3
BRF:7
BRH:6
end_of_record
TN:
SF:src/components/molecules/FormField.tsx
FN:19,(anonymous_0)
FNF:1
FNH:1
FNDA:384,(anonymous_0)
DA:19,9
DA:29,384
DA:30,384
DA:34,384
DA:38,384
DA:74,9
LF:6
LH:6
BRDA:34,0,0,384
BRDA:34,0,1,247
BRDA:34,1,0,134
BRDA:34,1,1,250
BRDA:34,2,0,4
BRDA:34,2,1,380
BRDA:34,3,0,380
BRDA:34,3,1,380
BRDA:45,4,0,384
BRDA:45,4,1,134
BRDA:54,5,0,384
BRDA:54,5,1,187
BRDA:60,6,0,384
BRDA:60,6,1,4
BRDA:60,7,0,384
BRDA:60,7,1,380
BRDA:64,8,0,4
BRDA:64,8,1,0
BRDA:67,9,0,4
BRDA:67,9,1,0
BRF:20
BRH:18
end_of_record
TN:
SF:src/components/molecules/ListItem.tsx
FN:19,(anonymous_0)
FN:40,(anonymous_1)
FNF:2
FNH:1
FNDA:71,(anonymous_0)
FNDA:0,(anonymous_1)
DA:19,4
DA:30,71
DA:32,71
DA:34,71
DA:40,0
DA:91,4
LF:6
LH:5
BRDA:26,0,0,49
BRDA:32,1,0,71
BRDA:32,1,1,35
BRDA:39,2,0,71
BRDA:39,2,1,35
BRDA:39,3,0,7
BRDA:39,3,1,28
BRDA:43,4,0,0
BRDA:43,4,1,0
BRDA:48,5,0,71
BRDA:48,5,1,60
BRDA:62,6,0,71
BRDA:62,6,1,39
BRDA:78,7,0,71
BRDA:78,7,1,43
BRDA:78,7,2,42
BRF:16
BRH:14
end_of_record
TN:
SF:src/components/molecules/SearchBar.tsx
FN:13,(anonymous_0)
FN:59,(anonymous_1)
FNF:2
FNH:2
FNDA:7,(anonymous_0)
FNDA:1,(anonymous_1)
DA:13,2
DA:19,7
DA:21,7
DA:59,1
DA:75,2
LF:5
LH:5
BRDA:57,0,0,7
BRDA:57,0,1,2
BRF:2
BRH:2
end_of_record
TN:
SF:src/components/molecules/StatCard.tsx
FN:18,(anonymous_0)
FNF:1
FNH:1
FNDA:56,(anonymous_0)
DA:18,3
DA:28,56
DA:29,56
DA:30,56
DA:31,56
DA:33,56
DA:96,3
LF:7
LH:7
BRDA:36,0,0,56
BRDA:36,0,1,11
BRDA:48,1,0,56
BRDA:48,1,1,19
BRDA:50,2,0,19
BRDA:50,2,1,1
BRDA:62,3,0,19
BRDA:62,3,1,37
BRDA:77,4,0,56
BRDA:77,4,1,2
BRDA:82,5,0,1
BRDA:82,5,1,1
BRF:12
BRH:12
end_of_record
TN:
SF:src/components/organisms/DashboardHeader.tsx
FN:12,(anonymous_0)
FNF:1
FNH:1
FNDA:13,(anonymous_0)
DA:12,2
DA:13,13
DA:14,13
DA:15,13
DA:17,13
DA:18,13
DA:19,13
DA:26,13
DA:72,2
LF:9
LH:9
BRF:0
BRH:0
end_of_record
TN:
SF:src/components/organisms/PaymentModal.tsx
FN:25,(anonymous_0)
FN:41,(anonymous_1)
FN:67,(anonymous_2)
FN:135,(anonymous_3)
FN:144,(anonymous_4)
FNF:5
FNH:4
FNDA:9,(anonymous_0)
FNDA:2,(anonymous_1)
FNDA:45,(anonymous_2)
FNDA:45,(anonymous_3)
FNDA:0,(anonymous_4)
DA:25,1
DA:35,9
DA:36,9
DA:37,9
DA:38,9
DA:39,9
DA:41,9
DA:42,2
DA:44,1
DA:45,1
DA:46,1
DA:55,1
DA:56,1
DA:58,0
DA:63,1
DA:67,45
DA:69,9
DA:136,45
DA:144,0
DA:176,1
LF:20
LH:18
BRDA:32,0,0,0
BRDA:36,1,0,4
BRDA:36,1,1,5
BRDA:42,2,0,1
BRDA:42,2,1,1
BRDA:42,3,0,2
BRDA:42,3,1,1
BRDA:53,4,0,1
BRDA:53,4,1,1
BRDA:53,5,0,1
BRDA:53,5,1,0
BRDA:60,6,0,0
BRDA:60,6,1,0
BRDA:102,7,0,9
BRDA:102,7,1,0
BRDA:141,8,0,9
BRDA:141,8,1,36
BRDA:161,9,0,1
BRDA:161,9,1,8
BRF:19
BRH:14
end_of_record
TN:
SF:src/components/organisms/QuickActionsGrid.tsx
FN:22,(anonymous_0)
FN:38,(anonymous_1)
FN:50,(anonymous_2)
FNF:3
FNH:3
FNDA:13,(anonymous_0)
FNDA:48,(anonymous_1)
FNDA:3,(anonymous_2)
DA:22,2
DA:23,13
DA:24,13
DA:25,13
DA:26,13
DA:28,13
DA:29,13
DA:30,13
DA:32,13
DA:39,48
DA:51,3
DA:77,2
LF:12
LH:12
BRF:0
BRH:0
end_of_record
TN:
SF:src/components/organisms/RecentInvoicesList.tsx
FN:23,(anonymous_0)
FN:37,(anonymous_1)
FN:74,(anonymous_2)
FN:77,(anonymous_3)
FNF:4
FNH:3
FNDA:12,(anonymous_0)
FNDA:0,(anonymous_1)
FNDA:5,(anonymous_2)
FNDA:1,(anonymous_3)
DA:23,2
DA:24,12
DA:25,12
DA:26,12
DA:28,12
DA:29,12
DA:30,12
DA:32,12
DA:37,0
DA:75,5
DA:77,1
DA:155,2
LF:12
LH:11
BRDA:48,0,0,7
BRDA:48,0,1,5
BRDA:110,1,0,1
BRDA:110,1,1,4
BRDA:112,2,0,1
BRDA:112,2,1,3
BRDA:128,3,0,1
BRDA:128,3,1,4
BRDA:130,4,0,1
BRDA:130,4,1,3
BRF:10
BRH:10
end_of_record
TN:
SF:src/components/organisms/TileSetCard.tsx
FN:17,TileSetCard
FN:27,(anonymous_1)
FN:28,(anonymous_2)
FN:109,(anonymous_3)
FN:123,(anonymous_4)
FNF:5
FNH:5
FNDA:15,TileSetCard
FNDA:18,(anonymous_1)
FNDA:18,(anonymous_2)
FNDA:18,(anonymous_3)
FNDA:1,(anonymous_4)
DA:18,15
DA:19,15
DA:20,15
DA:21,15
DA:22,15
DA:27,18
DA:28,18
DA:30,15
DA:110,18
DA:111,18
DA:123,1
DA:236,3
LF:12
LH:12
BRDA:62,0,0,15
BRDA:62,0,1,1
BRDA:102,1,0,3
BRDA:102,1,1,12
BRDA:118,2,0,1
BRDA:118,2,1,17
BRDA:122,3,0,3
BRDA:122,3,1,15
BRDA:132,4,0,1
BRDA:132,4,1,17
BRDA:173,5,0,18
BRDA:173,5,1,16
BRDA:175,6,0,18
BRDA:175,6,1,18
BRDA:207,7,0,1
BRDA:207,7,1,17
BRF:16
BRH:16
end_of_record
TN:
SF:src/constants/categories.ts
FNF:0
FNH:0
DA:8,1
DA:18,1
LF:2
LH:2
BRF:0
BRH:0
end_of_record
TN:
SF:src/constants/paymentModes.ts
FNF:0
FNH:0
DA:3,2
DA:11,2
LF:2
LH:2
BRF:0
BRH:0
end_of_record
TN:
SF:src/errors/AppError.ts
FN:2,(anonymous_0)
FN:16,(anonymous_1)
FN:27,(anonymous_2)
FN:35,(anonymous_3)
FN:51,(anonymous_4)
FN:62,(anonymous_5)
FN:72,toAppError
FNF:7
FNH:7
FNDA:58,(anonymous_0)
FNDA:16,(anonymous_1)
FNDA:5,(anonymous_2)
FNDA:2,(anonymous_3)
FNDA:1,(anonymous_4)
FNDA:1,(anonymous_5)
FNDA:4,toAppError
DA:8,58
DA:9,58
DA:11,58
DA:20,16
DA:21,16
DA:22,16
DA:28,5
DA:29,5
DA:30,5
DA:40,2
DA:45,2
DA:46,2
DA:55,1
DA:56,1
DA:57,1
DA:66,1
DA:67,1
DA:68,1
DA:73,4
DA:74,3
DA:75,1
DA:77,2
LF:22
LH:22
BRDA:73,0,0,1
BRDA:73,0,1,3
BRDA:74,1,0,1
BRDA:74,1,1,2
BRF:4
BRH:4
end_of_record
TN:
SF:src/events/appEvents.ts
FN:13,(anonymous_0)
FN:14,(anonymous_1)
FN:17,(anonymous_2)
FN:19,(anonymous_3)
FNF:4
FNH:4
FNDA:20,(anonymous_0)
FNDA:20,(anonymous_1)
FNDA:7,(anonymous_2)
FNDA:2,(anonymous_3)
DA:10,7
DA:12,7
DA:14,20
DA:18,7
DA:19,7
DA:20,2
LF:6
LH:6
BRF:0
BRH:0
end_of_record
TN:
SF:src/features/invoice-create/CustomerStep.tsx
FN:16,CustomerStep
FN:19,(anonymous_1)
FN:19,(anonymous_2)
FN:20,(anonymous_3)
FN:57,(anonymous_4)
FNF:5
FNH:5
FNDA:29,CustomerStep
FNDA:87,(anonymous_1)
FNDA:8,(anonymous_2)
FNDA:6,(anonymous_3)
FNDA:2,(anonymous_4)
DA:17,29
DA:19,87
DA:20,8
DA:23,29
DA:57,2
LF:5
LH:5
BRDA:34,0,0,29
BRDA:34,0,1,22
BRDA:43,1,0,29
BRDA:43,1,1,28
BRDA:52,2,0,29
BRDA:52,2,1,29
BRDA:65,3,0,2
BRDA:65,3,1,27
BRDA:67,4,0,2
BRDA:67,4,1,27
BRDA:71,5,0,2
BRDA:71,5,1,27
BRDA:72,6,0,2
BRDA:72,6,1,27
BRF:14
BRH:14
end_of_record
TN:
SF:src/features/invoice-create/InvoiceCreateScreen.tsx
FN:12,InvoiceCreateScreen
FN:26,(anonymous_1)
FNF:2
FNH:2
FNDA:55,InvoiceCreateScreen
FNDA:165,(anonymous_1)
DA:13,55
DA:15,55
DA:17,55
DA:27,165
DA:117,2
LF:5
LH:5
BRDA:31,0,0,55
BRDA:31,0,1,110
BRDA:32,1,0,55
BRDA:32,1,1,110
BRDA:40,2,0,55
BRDA:40,2,1,17
BRDA:48,3,0,55
BRDA:48,3,1,24
BRDA:68,4,0,55
BRDA:68,4,1,14
BRDA:88,5,0,38
BRDA:88,5,1,17
BRDA:92,6,0,55
BRDA:92,6,1,38
BRDA:95,7,0,41
BRDA:95,7,1,14
BRDA:106,8,0,4
BRDA:106,8,1,10
BRF:18
BRH:18
end_of_record
TN:
SF:src/features/invoice-create/LineItemsStep.tsx
FN:31,LineItemsStep
FN:58,(anonymous_1)
FN:77,(anonymous_2)
FN:104,(anonymous_3)
FN:154,(anonymous_4)
FN:162,(anonymous_5)
FN:180,(anonymous_6)
FNF:7
FNH:6
FNDA:39,LineItemsStep
FNDA:5,(anonymous_1)
FNDA:6,(anonymous_2)
FNDA:1,(anonymous_3)
FNDA:8,(anonymous_4)
FNDA:5,(anonymous_5)
FNDA:0,(anonymous_6)
DA:49,39
DA:51,39
DA:58,5
DA:78,6
DA:104,1
DA:155,8
DA:162,5
DA:180,0
LF:8
LH:7
BRDA:63,0,0,33
BRDA:63,0,1,6
BRDA:98,1,0,6
BRDA:98,1,1,1
BRDA:98,1,2,1
BRDA:118,2,0,39
BRDA:118,2,1,22
BRDA:131,3,0,22
BRDA:131,3,1,0
BRDA:134,4,0,10
BRDA:134,4,1,12
BRDA:144,5,0,2
BRDA:144,5,1,8
BRDA:144,6,0,10
BRDA:144,6,1,2
BRDA:203,7,0,2
BRDA:203,7,1,10
BRF:17
BRH:16
end_of_record
TN:
SF:src/features/invoice-create/PaymentStep.tsx
FN:23,PaymentStep
FN:61,(anonymous_1)
FN:106,(anonymous_2)
FN:109,(anonymous_3)
FNF:4
FNH:4
FNDA:28,PaymentStep
FNDA:24,(anonymous_1)
FNDA:112,(anonymous_2)
FNDA:2,(anonymous_3)
DA:10,3
DA:33,28
DA:35,28
DA:36,28
DA:38,28
DA:62,24
DA:107,112
DA:109,2
LF:8
LH:8
BRDA:57,0,0,28
BRDA:57,0,1,11
BRDA:117,1,0,28
BRDA:117,1,1,84
BRDA:120,2,0,28
BRDA:120,2,1,84
BRDA:125,3,0,28
BRDA:125,3,1,84
BRDA:140,4,0,8
BRDA:140,4,1,20
BRDA:144,5,0,8
BRDA:144,5,1,20
BRDA:150,6,0,8
BRDA:150,6,1,20
BRDA:153,7,0,8
BRDA:153,7,1,20
BRF:16
BRH:16
end_of_record
TN:
SF:src/features/invoice-create/useInvoiceCreateFlow.ts
FN:20,useInvoiceCreateFlow
FN:47,(anonymous_1)
FN:53,(anonymous_2)
FN:56,(anonymous_3)
FN:59,(anonymous_4)
FN:70,(anonymous_5)
FN:73,(anonymous_6)
FN:76,(anonymous_7)
FN:76,(anonymous_8)
FN:79,(anonymous_9)
FN:94,(anonymous_10)
FN:113,(anonymous_11)
FN:114,(anonymous_12)
FN:114,(anonymous_13)
FN:117,(anonymous_14)
FN:124,(anonymous_15)
FN:180,(anonymous_16)
FNF:17
FNH:13
FNDA:83,useInvoiceCreateFlow
FNDA:16,(anonymous_1)
FNDA:25,(anonymous_2)
FNDA:0,(anonymous_3)
FNDA:6,(anonymous_4)
FNDA:12,(anonymous_5)
FNDA:10,(anonymous_6)
FNDA:0,(anonymous_7)
FNDA:0,(anonymous_8)
FNDA:12,(anonymous_9)
FNDA:11,(anonymous_10)
FNDA:1,(anonymous_11)
FNDA:1,(anonymous_12)
FNDA:2,(anonymous_13)
FNDA:12,(anonymous_14)
FNDA:6,(anonymous_15)
FNDA:0,(anonymous_16)
DA:21,83
DA:24,83
DA:27,83
DA:28,83
DA:31,83
DA:32,83
DA:33,83
DA:34,83
DA:35,83
DA:36,83
DA:37,83
DA:40,83
DA:41,83
DA:44,83
DA:47,83
DA:48,16
DA:52,83
DA:53,83
DA:54,25
DA:55,6
DA:56,6
DA:57,0
DA:59,6
DA:60,6
DA:65,83
DA:66,83
DA:67,83
DA:70,83
DA:71,12
DA:72,12
DA:73,10
DA:76,83
DA:79,83
DA:80,12
DA:82,12
DA:85,12
DA:86,1
DA:91,1
DA:94,11
DA:106,11
DA:107,11
DA:108,11
DA:109,11
DA:110,11
DA:113,83
DA:114,2
DA:117,83
DA:118,12
DA:119,12
DA:120,12
DA:124,83
DA:125,6
DA:126,6
DA:127,6
DA:128,6
DA:142,4
DA:144,2
DA:145,2
DA:151,6
DA:155,83
DA:180,0
LF:61
LH:59
BRDA:54,0,0,19
BRDA:54,0,1,6
BRDA:55,1,0,2
BRDA:55,1,1,4
BRDA:60,2,0,6
BRDA:60,2,1,0
BRDA:67,3,0,83
BRDA:67,3,1,80
BRDA:71,4,0,12
BRDA:71,4,1,8
BRDA:71,4,2,5
BRDA:71,4,3,4
BRDA:72,5,0,10
BRDA:72,5,1,2
BRDA:80,6,0,0
BRDA:80,6,1,12
BRDA:82,7,0,12
BRDA:82,7,1,0
BRDA:85,8,0,1
BRDA:85,8,1,11
BRDA:100,9,0,11
BRDA:100,9,1,0
BRDA:101,10,0,11
BRDA:101,10,1,10
BRDA:125,11,0,0
BRDA:125,11,1,6
BRDA:125,12,0,6
BRDA:125,12,1,6
BRDA:138,13,0,1
BRDA:138,13,1,5
BRDA:138,14,0,0
BRDA:138,14,1,5
BRDA:139,15,0,1
BRDA:139,15,1,5
BRDA:144,16,0,2
BRDA:144,16,1,0
BRDA:147,17,0,2
BRDA:147,17,1,0
BRDA:160,18,0,83
BRDA:160,18,1,49
BRDA:160,18,2,61
BRDA:160,18,3,24
BRF:42
BRH:34
end_of_record
TN:
SF:src/hooks/useConfirmBack.ts
FN:9,useConfirmBack
FN:12,(anonymous_1)
FN:15,(anonymous_2)
FN:25,(anonymous_3)
FNF:4
FNH:4
FNDA:7,useConfirmBack
FNDA:7,(anonymous_1)
FNDA:3,(anonymous_2)
FNDA:1,(anonymous_3)
DA:10,7
DA:12,7
DA:13,7
DA:15,5
DA:16,3
DA:17,3
DA:25,1
DA:31,5
LF:8
LH:8
BRDA:13,0,0,2
BRDA:13,0,1,5
BRDA:19,1,0,3
BRDA:19,1,1,3
BRF:4
BRH:4
end_of_record
TN:
SF:src/hooks/useDebounce.ts
FN:3,useDebounce
FN:5,(anonymous_1)
FN:6,(anonymous_2)
FN:7,(anonymous_3)
FNF:4
FNH:4
FNDA:15,useDebounce
FNDA:12,(anonymous_1)
FNDA:5,(anonymous_2)
FNDA:12,(anonymous_3)
DA:4,15
DA:5,15
DA:6,12
DA:7,12
DA:9,15
LF:5
LH:5
BRDA:3,0,0,0
BRF:1
BRH:0
end_of_record
TN:
SF:src/hooks/useLocale.ts
FN:11,useLocale
FN:15,(anonymous_1)
FN:22,(anonymous_2)
FN:29,(anonymous_3)
FN:33,(anonymous_4)
FN:37,(anonymous_5)
FN:41,(anonymous_6)
FN:45,(anonymous_7)
FNF:8
FNH:4
FNDA:5,useLocale
FNDA:2,(anonymous_1)
FNDA:0,(anonymous_2)
FNDA:1,(anonymous_3)
FNDA:0,(anonymous_4)
FNDA:1,(anonymous_5)
FNDA:0,(anonymous_6)
FNDA:0,(anonymous_7)
DA:7,1
DA:12,5
DA:13,5
DA:15,5
DA:16,2
DA:17,2
DA:18,2
DA:21,5
DA:23,0
DA:24,0
DA:29,5
DA:30,1
DA:33,5
DA:34,0
DA:37,5
DA:38,1
DA:41,5
DA:42,0
DA:45,5
DA:46,0
DA:49,5
LF:21
LH:16
BRDA:16,0,0,1
BRDA:16,0,1,1
BRDA:29,1,0,1
BRF:3
BRH:3
end_of_record
TN:
SF:src/hooks/useNetworkStatus.ts
FN:7,checkReachability
FN:10,(anonymous_1)
FN:19,useNetworkStatus
FN:23,(anonymous_3)
FN:27,(anonymous_4)
FN:31,(anonymous_5)
FN:36,(anonymous_6)
FNF:7
FNH:6
FNDA:6,checkReachability
FNDA:0,(anonymous_1)
FNDA:8,useNetworkStatus
FNDA:6,(anonymous_3)
FNDA:5,(anonymous_4)
FNDA:1,(anonymous_5)
FNDA:5,(anonymous_6)
DA:4,1
DA:5,1
DA:8,6
DA:9,6
DA:10,6
DA:11,6
DA:12,4
DA:13,4
DA:15,2
DA:20,8
DA:21,8
DA:23,8
DA:24,6
DA:27,8
DA:28,5
DA:29,5
DA:31,5
DA:32,1
DA:34,5
DA:36,5
DA:37,5
DA:38,5
DA:42,8
LF:23
LH:23
BRDA:13,0,0,4
BRDA:13,0,1,0
BRDA:32,1,0,1
BRDA:32,1,1,0
BRDA:37,2,0,5
BRDA:37,2,1,0
BRF:6
BRH:3
end_of_record
TN:
SF:src/hooks/useRefreshOnFocus.ts
FN:8,useRefreshOnFocus
FN:10,(anonymous_1)
FNF:2
FNH:2
FNDA:3,useRefreshOnFocus
FNDA:2,(anonymous_1)
DA:9,3
DA:11,2
LF:2
LH:2
BRF:0
BRH:0
end_of_record
TN:
SF:src/hooks/useThemeTokens.ts
FN:7,useThemeTokens
FNF:1
FNH:1
FNDA:378,useThemeTokens
DA:8,378
DA:9,378
LF:2
LH:2
BRF:0
BRH:0
end_of_record
TN:
SF:src/repositories/baseRepository.ts
FN:25,escapeLike
FN:26,(anonymous_1)
FN:41,applyFilters
FN:46,(anonymous_3)
FN:81,createRepository
FN:83,(anonymous_5)
FN:113,(anonymous_6)
FN:136,(anonymous_7)
FN:159,(anonymous_8)
FN:183,(anonymous_9)
FN:201,(anonymous_10)
FNF:11
FNH:10
FNDA:5,escapeLike
FNDA:1,(anonymous_1)
FNDA:24,applyFilters
FNDA:8,(anonymous_3)
FNDA:17,createRepository
FNDA:24,(anonymous_5)
FNDA:9,(anonymous_6)
FNDA:7,(anonymous_7)
FNDA:5,(anonymous_8)
FNDA:5,(anonymous_9)
FNDA:0,(anonymous_10)
DA:26,5
DA:42,24
DA:44,24
DA:45,5
DA:46,8
DA:47,5
DA:50,24
DA:51,6
DA:52,6
DA:53,6
DA:54,2
DA:55,2
DA:56,2
DA:58,4
DA:63,24
DA:64,1
DA:67,24
DA:68,1
DA:69,1
DA:70,23
DA:72,0
DA:73,23
DA:75,0
DA:78,24
DA:82,17
DA:84,24
DA:85,24
DA:86,24
DA:89,24
DA:90,24
DA:91,24
DA:96,24
DA:97,2
DA:104,22
DA:105,22
DA:107,22
DA:110,22
DA:114,9
DA:115,9
DA:120,9
DA:125,9
DA:126,4
DA:133,5
DA:137,7
DA:138,7
DA:143,7
DA:148,7
DA:149,1
DA:156,6
DA:160,5
DA:161,5
DA:167,5
DA:172,5
DA:173,1
DA:180,4
DA:184,5
DA:185,5
DA:186,5
DA:191,5
DA:192,2
DA:202,0
DA:203,0
DA:204,0
DA:210,0
DA:211,0
DA:218,0
LF:66
LH:58
BRDA:44,0,0,5
BRDA:44,0,1,19
BRDA:44,1,0,24
BRDA:44,1,1,5
BRDA:50,2,0,6
BRDA:50,2,1,18
BRDA:52,3,0,0
BRDA:52,3,1,6
BRDA:52,4,0,6
BRDA:52,4,1,6
BRDA:53,5,0,2
BRDA:53,5,1,4
BRDA:53,6,0,6
BRDA:53,6,1,2
BRDA:55,7,0,2
BRDA:55,7,1,0
BRDA:56,8,0,2
BRDA:56,8,1,0
BRDA:63,9,0,1
BRDA:63,9,1,23
BRDA:67,10,0,1
BRDA:67,10,1,23
BRDA:70,11,0,0
BRDA:70,11,1,23
BRDA:72,12,0,0
BRDA:72,12,1,0
BRDA:73,13,0,0
BRDA:73,13,1,23
BRDA:73,14,0,23
BRDA:73,14,1,0
BRDA:83,15,0,3
BRDA:85,16,0,24
BRDA:85,16,1,24
BRDA:88,17,0,0
BRDA:88,17,1,24
BRDA:96,18,0,2
BRDA:96,18,1,22
BRDA:99,19,0,2
BRDA:99,19,1,0
BRDA:104,20,0,22
BRDA:104,20,1,0
BRDA:105,21,0,22
BRDA:105,21,1,22
BRDA:107,22,0,0
BRDA:107,22,1,22
BRDA:107,23,0,22
BRDA:107,23,1,0
BRDA:110,24,0,22
BRDA:110,24,1,0
BRDA:125,25,0,4
BRDA:125,25,1,5
BRDA:128,26,0,4
BRDA:128,26,1,0
BRDA:148,27,0,1
BRDA:148,27,1,6
BRDA:151,28,0,1
BRDA:151,28,1,0
BRDA:172,29,0,1
BRDA:172,29,1,4
BRDA:175,30,0,1
BRDA:175,30,1,0
BRDA:191,31,0,2
BRDA:191,31,1,3
BRDA:194,32,0,2
BRDA:194,32,1,0
BRDA:210,33,0,0
BRDA:210,33,1,0
BRDA:213,34,0,0
BRDA:213,34,1,0
BRF:69
BRH:47
end_of_record
TN:
SF:src/repositories/customerRepository.ts
FN:12,(anonymous_0)
FN:13,(anonymous_1)
FNF:2
FNH:2
FNDA:3,(anonymous_0)
FNDA:1,(anonymous_1)
DA:6,1
DA:8,1
DA:13,3
DA:14,3
DA:20,3
DA:21,1
DA:28,2
LF:7
LH:7
BRDA:20,0,0,1
BRDA:20,0,1,2
BRDA:23,1,0,1
BRDA:23,1,1,0
BRDA:28,2,0,2
BRDA:28,2,1,0
BRF:6
BRH:4
end_of_record
TN:
SF:src/repositories/expenseRepository.ts
FNF:0
FNH:0
DA:4,1
LF:1
LH:1
BRF:0
BRH:0
end_of_record
TN:
SF:src/repositories/financeRepository.ts
FN:13,(anonymous_0)
FN:28,(anonymous_1)
FNF:2
FNH:2
FNDA:1,(anonymous_0)
FNDA:2,(anonymous_1)
DA:6,1
DA:7,1
DA:9,1
DA:14,1
DA:17,1
DA:18,0
DA:25,1
DA:29,2
DA:30,2
DA:31,1
DA:38,1
LF:11
LH:10
BRDA:17,0,0,0
BRDA:17,0,1,1
BRDA:20,1,0,0
BRDA:20,1,1,0
BRDA:30,2,0,1
BRDA:30,2,1,1
BRDA:33,3,0,1
BRDA:33,3,1,0
BRF:8
BRH:4
end_of_record
TN:
SF:src/repositories/inventoryRepository.ts
FN:13,(anonymous_0)
FN:29,(anonymous_1)
FNF:2
FNH:2
FNDA:2,(anonymous_0)
FNDA:2,(anonymous_1)
DA:7,1
DA:9,1
DA:14,2
DA:18,2
DA:19,1
DA:26,1
DA:37,2
DA:45,2
DA:46,1
LF:9
LH:9
BRDA:18,0,0,1
BRDA:18,0,1,1
BRDA:21,1,0,1
BRDA:21,1,1,0
BRDA:26,2,0,1
BRDA:26,2,1,0
BRDA:45,3,0,1
BRDA:45,3,1,1
BRDA:48,4,0,1
BRDA:48,4,1,0
BRF:10
BRH:7
end_of_record
TN:
SF:src/repositories/invoiceRepository.ts
FN:12,(anonymous_0)
FN:25,(anonymous_1)
FNF:2
FNH:2
FNDA:4,(anonymous_0)
FNDA:7,(anonymous_1)
DA:7,2
DA:9,2
DA:13,4
DA:18,4
DA:19,1
DA:21,3
DA:29,7
DA:33,7
DA:34,2
DA:41,5
LF:10
LH:10
BRDA:18,0,0,1
BRDA:18,0,1,3
BRDA:19,1,0,1
BRDA:19,1,1,0
BRDA:33,2,0,2
BRDA:33,2,1,5
BRDA:36,3,0,2
BRDA:36,3,1,0
BRF:8
BRH:6
end_of_record
TN:
SF:src/repositories/notificationRepository.ts
FN:12,(anonymous_0)
FN:29,(anonymous_1)
FNF:2
FNH:2
FNDA:5,(anonymous_0)
FNDA:2,(anonymous_1)
DA:7,1
DA:9,1
DA:13,5
DA:18,5
DA:19,1
DA:26,4
DA:30,2
DA:31,2
DA:32,1
LF:9
LH:9
BRDA:18,0,0,1
BRDA:18,0,1,4
BRDA:21,1,0,1
BRDA:21,1,1,0
BRDA:26,2,0,4
BRDA:26,2,1,1
BRDA:31,3,0,1
BRDA:31,3,1,1
BRDA:34,4,0,1
BRDA:34,4,1,0
BRF:10
BRH:8
end_of_record
TN:
SF:src/repositories/orderRepository.ts
FN:12,(anonymous_0)
FN:13,(anonymous_1)
FNF:2
FNH:1
FNDA:1,(anonymous_0)
FNDA:0,(anonymous_1)
DA:6,1
DA:8,1
DA:13,1
DA:14,1
DA:19,1
DA:20,0
DA:27,1
LF:7
LH:6
BRDA:19,0,0,0
BRDA:19,0,1,1
BRDA:22,1,0,0
BRDA:22,1,1,0
BRDA:27,2,0,1
BRDA:27,2,1,0
BRF:6
BRH:2
end_of_record
TN:
SF:src/repositories/paymentRepository.ts
FN:16,(anonymous_0)
FN:33,(anonymous_1)
FNF:2
FNH:2
FNDA:3,(anonymous_0)
FNDA:7,(anonymous_1)
DA:8,2
DA:12,2
DA:19,3
DA:22,3
DA:23,2
DA:30,1
DA:39,7
DA:43,7
DA:44,7
DA:45,7
DA:46,7
DA:48,7
DA:49,7
DA:50,6
LF:14
LH:14
BRDA:22,0,0,2
BRDA:22,0,1,1
BRDA:25,1,0,2
BRDA:25,1,1,1
BRDA:43,2,0,2
BRDA:43,2,1,5
BRDA:44,3,0,1
BRDA:44,3,1,6
BRDA:45,4,0,2
BRDA:45,4,1,5
BRDA:46,5,0,2
BRDA:46,5,1,5
BRDA:49,6,0,1
BRDA:49,6,1,6
BRF:14
BRH:14
end_of_record
TN:
SF:src/repositories/supplierRepository.ts
FNF:0
FNH:0
DA:4,1
LF:1
LH:1
BRF:0
BRH:0
end_of_record
TN:
SF:src/schemas/businessProfile.ts
FNF:0
FNH:0
DA:3,1
LF:1
LH:1
BRF:0
BRH:0
end_of_record
TN:
SF:src/schemas/customer.ts
FNF:0
FNH:0
DA:3,1
LF:1
LH:1
BRF:0
BRH:0
end_of_record
TN:
SF:src/schemas/expense.ts
FN:4,(anonymous_0)
FNF:1
FNH:1
FNDA:7,(anonymous_0)
DA:4,7
DA:6,1
LF:2
LH:2
BRF:0
BRH:0
end_of_record
TN:
SF:src/schemas/inventory.ts
FN:4,(anonymous_0)
FN:19,(anonymous_1)
FNF:2
FNH:2
FNDA:7,(anonymous_0)
FNDA:7,(anonymous_1)
DA:4,7
DA:6,1
DA:19,7
LF:3
LH:3
BRF:0
BRH:0
end_of_record
TN:
SF:src/schemas/invoice.ts
FN:9,(anonymous_0)
FNF:1
FNH:1
FNDA:22,(anonymous_0)
DA:3,2
DA:9,22
DA:13,2
LF:3
LH:3
BRF:0
BRH:0
end_of_record
TN:
SF:src/schemas/payment.ts
FN:15,(anonymous_0)
FN:19,(anonymous_1)
FNF:2
FNH:2
FNDA:14,(anonymous_0)
FNDA:14,(anonymous_1)
DA:3,2
DA:15,14
DA:19,14
LF:3
LH:3
BRDA:15,0,0,14
BRDA:15,0,1,12
BRDA:19,1,0,14
BRDA:19,1,1,2
BRF:4
BRH:4
end_of_record
TN:
SF:src/services/authService.ts
FN:6,wrapAuthError
FN:14,(anonymous_1)
FN:20,(anonymous_2)
FN:26,(anonymous_3)
FN:31,(anonymous_4)
FN:38,(anonymous_5)
FN:40,(anonymous_6)
FN:52,(anonymous_7)
FN:57,(anonymous_8)
FNF:9
FNH:9
FNDA:7,wrapAuthError
FNDA:2,(anonymous_1)
FNDA:5,(anonymous_2)
FNDA:2,(anonymous_3)
FNDA:2,(anonymous_4)
FNDA:2,(anonymous_5)
FNDA:2,(anonymous_6)
FNDA:1,(anonymous_7)
FNDA:1,(anonymous_8)
DA:7,7
DA:8,2
DA:10,5
DA:13,1
DA:15,2
DA:16,2
DA:17,1
DA:21,5
DA:22,4
DA:23,1
DA:27,2
DA:28,2
DA:32,2
DA:33,2
DA:34,1
DA:39,2
DA:41,2
DA:42,2
DA:43,1
DA:44,1
DA:46,1
DA:52,1
DA:58,1
LF:23
LH:23
BRDA:7,0,0,2
BRDA:7,0,1,5
BRDA:7,1,0,7
BRDA:7,1,1,6
BRDA:16,2,0,1
BRDA:16,2,1,1
BRDA:22,3,0,3
BRDA:22,3,1,1
BRDA:28,4,0,1
BRDA:28,4,1,1
BRDA:33,5,0,1
BRDA:33,5,1,1
BRDA:42,6,0,1
BRDA:42,6,1,1
BRF:14
BRH:14
end_of_record
TN:
SF:src/services/businessProfileService.ts
FN:19,(anonymous_0)
FN:26,(anonymous_1)
FNF:2
FNH:2
FNDA:2,(anonymous_0)
FNDA:5,(anonymous_1)
DA:18,3
DA:20,2
DA:21,2
DA:22,2
DA:23,2
DA:27,5
DA:32,5
DA:33,4
LF:8
LH:8
BRDA:21,0,0,0
BRDA:21,0,1,2
BRDA:23,1,0,1
BRDA:23,1,1,1
BRDA:32,2,0,1
BRDA:32,2,1,4
BRDA:32,3,0,5
BRDA:32,3,1,2
BRF:8
BRH:7
end_of_record
TN:
SF:src/services/customerService.ts
FN:13,(anonymous_0)
FN:18,(anonymous_1)
FN:39,(anonymous_2)
FN:46,(anonymous_3)
FN:57,(anonymous_4)
FN:69,(anonymous_5)
FN:90,(anonymous_6)
FN:111,(anonymous_7)
FN:127,(anonymous_8)
FN:146,(anonymous_9)
FN:162,(anonymous_10)
FNF:11
FNH:10
FNDA:5,(anonymous_0)
FNDA:0,(anonymous_1)
FNDA:2,(anonymous_2)
FNDA:2,(anonymous_3)
FNDA:1,(anonymous_4)
FNDA:3,(anonymous_5)
FNDA:4,(anonymous_6)
FNDA:3,(anonymous_7)
FNDA:2,(anonymous_8)
FNDA:2,(anonymous_9)
FNDA:3,(anonymous_10)
DA:12,1
DA:14,5
DA:16,5
DA:18,1
DA:19,1
DA:22,5
DA:23,1
DA:26,5
DA:27,5
DA:29,5
DA:33,5
DA:35,5
DA:36,4
DA:40,2
DA:42,2
DA:43,1
DA:47,2
DA:53,2
DA:54,1
DA:58,1
DA:65,1
DA:66,1
DA:70,3
DA:76,3
DA:78,2
DA:79,1
DA:87,1
DA:92,4
DA:106,4
DA:107,3
DA:109,3
DA:116,3
DA:133,2
DA:146,3
DA:147,2
DA:148,2
DA:149,0
DA:153,3
DA:154,3
DA:155,5
DA:156,5
DA:159,3
DA:163,3
DA:167,3
DA:168,2
LF:45
LH:44
BRDA:13,0,0,5
BRDA:13,1,0,5
BRDA:16,2,0,1
BRDA:16,2,1,4
BRDA:22,3,0,1
BRDA:22,3,1,4
BRDA:22,4,0,5
BRDA:22,4,1,2
BRDA:30,5,0,5
BRDA:30,5,1,5
BRDA:35,6,0,1
BRDA:35,6,1,4
BRDA:36,7,0,4
BRDA:36,7,1,4
BRDA:42,8,0,1
BRDA:42,8,1,1
BRDA:53,9,0,1
BRDA:53,9,1,1
BRDA:65,10,0,0
BRDA:65,10,1,1
BRDA:76,11,0,1
BRDA:76,11,1,2
BRDA:76,12,0,3
BRDA:76,12,1,2
BRDA:78,13,0,1
BRDA:78,13,1,1
BRDA:106,14,0,1
BRDA:106,14,1,3
BRDA:107,15,0,0
BRDA:107,15,1,3
BRDA:123,16,0,3
BRDA:123,16,1,3
BRDA:140,17,0,2
BRDA:140,17,1,2
BRDA:148,18,0,2
BRDA:148,18,1,0
BRDA:149,19,0,0
BRDA:149,19,1,0
BRDA:164,20,0,3
BRDA:164,20,1,2
BRDA:167,21,0,1
BRDA:167,21,1,2
BRF:42
BRH:37
end_of_record
TN:
SF:src/services/dashboardService.ts
FN:5,(anonymous_0)
FNF:1
FNH:1
FNDA:2,(anonymous_0)
DA:4,1
DA:6,2
LF:2
LH:2
BRF:0
BRH:0
end_of_record
TN:
SF:src/services/exportService.ts
FN:49,escapeCSV
FN:57,toCSV
FN:60,(anonymous_2)
FN:60,(anonymous_3)
FN:70,(anonymous_4)
FNF:5
FNH:5
FNDA:221,escapeCSV
FNDA:12,toCSV
FNDA:5,(anonymous_2)
FNDA:65,(anonymous_3)
FNDA:7,(anonymous_4)
DA:50,221
DA:51,221
DA:52,0
DA:54,221
DA:58,12
DA:60,65
DA:62,12
DA:65,1
DA:71,7
DA:78,7
DA:80,6
DA:82,6
DA:83,6
DA:85,6
DA:86,5
DA:89,5
DA:90,5
DA:91,5
DA:92,5
DA:93,5
DA:96,5
DA:97,5
DA:99,2
DA:116,3
DA:117,3
DA:118,3
DA:120,3
DA:139,6
DA:155,6
DA:171,6
DA:172,6
DA:173,6
DA:175,6
DA:176,6
DA:177,6
DA:181,6
DA:182,2
LF:37
LH:36
BRDA:51,0,0,0
BRDA:51,0,1,221
BRDA:51,1,0,221
BRDA:51,1,1,221
BRDA:51,1,2,221
BRDA:60,2,0,65
BRDA:60,2,1,0
BRDA:78,3,0,1
BRDA:78,3,1,6
BRDA:80,4,0,6
BRDA:80,4,1,0
BRDA:86,5,0,5
BRDA:86,5,1,0
BRDA:91,6,0,5
BRDA:91,6,1,5
BRDA:97,7,0,2
BRDA:97,7,1,3
BRDA:105,8,0,2
BRDA:105,8,1,0
BRDA:106,9,0,0
BRDA:106,9,1,2
BRDA:116,10,0,0
BRDA:116,10,1,3
BRDA:117,11,0,0
BRDA:117,11,1,3
BRDA:118,12,0,0
BRDA:118,12,1,3
BRDA:122,13,0,3
BRDA:122,13,1,0
BRDA:181,14,0,2
BRDA:181,14,1,4
BRF:31
BRH:21
end_of_record
TN:
SF:src/services/financeService.ts
FN:8,(anonymous_0)
FN:26,(anonymous_1)
FN:32,(anonymous_2)
FN:48,(anonymous_3)
FN:54,(anonymous_4)
FN:62,(anonymous_5)
FNF:6
FNH:4
FNDA:3,(anonymous_0)
FNDA:3,(anonymous_1)
FNDA:2,(anonymous_2)
FNDA:0,(anonymous_3)
FNDA:0,(anonymous_4)
FNDA:1,(anonymous_5)
DA:7,1
DA:9,3
DA:11,3
DA:12,1
DA:14,3
DA:15,1
DA:17,3
DA:18,1
DA:21,3
DA:22,3
DA:23,2
DA:27,3
DA:28,3
DA:29,2
DA:33,2
DA:35,2
DA:36,1
DA:38,2
DA:39,0
DA:41,2
DA:42,0
DA:45,2
DA:46,2
DA:48,2
DA:57,0
DA:58,0
DA:59,0
DA:63,1
DA:70,1
DA:71,1
LF:30
LH:25
BRDA:11,0,0,1
BRDA:11,0,1,2
BRDA:14,1,0,1
BRDA:14,1,1,2
BRDA:17,2,0,1
BRDA:17,2,1,2
BRDA:22,3,0,1
BRDA:22,3,1,2
BRDA:23,4,0,2
BRDA:23,4,1,1
BRDA:28,5,0,1
BRDA:28,5,1,2
BRDA:35,6,0,1
BRDA:35,6,1,1
BRDA:38,7,0,0
BRDA:38,7,1,2
BRDA:41,8,0,0
BRDA:41,8,1,2
BRDA:46,9,0,0
BRDA:46,9,1,2
BRDA:58,10,0,0
BRDA:58,10,1,0
BRDA:70,11,0,0
BRDA:70,11,1,1
BRF:24
BRH:18
end_of_record
TN:
SF:src/services/inventoryService.ts
FN:15,(anonymous_0)
FN:20,(anonymous_1)
FN:35,(anonymous_2)
FN:68,(anonymous_3)
FN:82,(anonymous_4)
FN:96,(anonymous_5)
FN:111,(anonymous_6)
FN:135,(anonymous_7)
FN:149,(anonymous_8)
FNF:9
FNH:6
FNDA:5,(anonymous_0)
FNDA:0,(anonymous_1)
FNDA:0,(anonymous_2)
FNDA:1,(anonymous_3)
FNDA:1,(anonymous_4)
FNDA:1,(anonymous_5)
FNDA:2,(anonymous_6)
FNDA:1,(anonymous_7)
FNDA:0,(anonymous_8)
DA:11,2
DA:16,5
DA:18,5
DA:20,1
DA:21,1
DA:24,5
DA:25,1
DA:28,5
DA:31,0
DA:34,0
DA:35,0
DA:36,0
DA:37,0
DA:39,0
DA:42,5
DA:43,0
DA:46,5
DA:47,5
DA:49,5
DA:51,5
DA:52,5
DA:53,5
DA:55,5
DA:57,5
DA:59,4
DA:69,1
DA:75,1
DA:76,1
DA:83,1
DA:89,1
DA:90,1
DA:97,1
DA:104,1
DA:105,1
DA:119,2
DA:128,2
DA:129,1
DA:136,1
DA:143,1
DA:144,1
DA:150,0
DA:155,0
DA:156,0
LF:43
LH:33
BRDA:15,0,0,5
BRDA:15,1,0,5
BRDA:18,2,0,1
BRDA:18,2,1,4
BRDA:24,3,0,1
BRDA:24,3,1,4
BRDA:24,4,0,5
BRDA:24,4,1,2
BRDA:28,5,0,0
BRDA:28,5,1,5
BRDA:34,6,0,0
BRDA:34,6,1,0
BRDA:35,7,0,0
BRDA:35,7,1,0
BRDA:36,8,0,0
BRDA:36,8,1,0
BRDA:42,9,0,0
BRDA:42,9,1,5
BRDA:46,10,0,5
BRDA:46,10,1,5
BRDA:57,11,0,1
BRDA:57,11,1,4
BRDA:61,12,0,4
BRDA:61,12,1,3
BRDA:75,13,0,0
BRDA:75,13,1,1
BRDA:89,14,0,0
BRDA:89,14,1,1
BRDA:104,15,0,0
BRDA:104,15,1,1
BRDA:123,16,0,2
BRDA:123,16,1,1
BRDA:124,17,0,2
BRDA:124,17,1,2
BRDA:125,18,0,2
BRDA:125,18,1,2
BRDA:128,19,0,1
BRDA:128,19,1,1
BRDA:135,20,0,1
BRDA:143,21,0,0
BRDA:143,21,1,1
BRDA:155,22,0,0
BRDA:155,22,1,0
BRF:43
BRH:29
end_of_record
TN:
SF:src/services/invoiceService.ts
FN:9,createInvoiceService
FN:11,(anonymous_1)
FN:17,(anonymous_2)
FN:40,(anonymous_3)
FN:49,(anonymous_4)
FN:71,(anonymous_5)
FNF:6
FNH:6
FNDA:1,createInvoiceService
FNDA:10,(anonymous_1)
FNDA:2,(anonymous_2)
FNDA:1,(anonymous_3)
FNDA:6,(anonymous_4)
FNDA:5,(anonymous_5)
DA:10,1
DA:12,10
DA:16,10
DA:17,3
DA:18,3
DA:23,10
DA:24,1
DA:26,10
DA:27,10
DA:28,10
DA:30,10
DA:31,10
DA:35,10
DA:36,10
DA:37,9
DA:41,1
DA:50,6
DA:51,5
DA:53,5
DA:71,5
DA:72,5
DA:73,5
DA:80,5
DA:99,5
DA:108,1
LF:25
LH:25
BRDA:9,0,0,1
BRDA:11,1,0,9
BRDA:11,2,0,9
BRDA:16,3,0,3
BRDA:16,3,1,7
BRDA:23,4,0,1
BRDA:23,4,1,9
BRDA:23,5,0,10
BRDA:23,5,1,2
BRDA:26,6,0,0
BRDA:26,6,1,10
BRDA:27,7,0,1
BRDA:27,7,1,9
BRDA:28,8,0,1
BRDA:28,8,1,9
BRDA:32,9,0,10
BRDA:32,9,1,9
BRDA:36,10,0,1
BRDA:36,10,1,9
BRDA:37,11,0,9
BRDA:37,11,1,0
BRDA:37,12,0,9
BRDA:37,12,1,9
BRDA:62,13,0,5
BRDA:62,13,1,4
BRDA:63,14,0,5
BRDA:63,14,1,0
BRDA:65,15,0,5
BRDA:65,15,1,4
BRDA:72,16,0,5
BRDA:72,16,1,5
BRF:31
BRH:28
end_of_record
TN:
SF:src/services/orderService.ts
FN:10,(anonymous_0)
FN:27,(anonymous_1)
FN:34,(anonymous_2)
FN:44,(anonymous_3)
FN:45,(anonymous_4)
FNF:5
FNH:5
FNDA:6,(anonymous_0)
FNDA:2,(anonymous_1)
FNDA:2,(anonymous_2)
FNDA:4,(anonymous_3)
FNDA:4,(anonymous_4)
DA:9,1
DA:11,6
DA:13,6
DA:14,1
DA:16,6
DA:17,2
DA:18,2
DA:19,1
DA:22,6
DA:23,6
DA:24,5
DA:28,2
DA:30,2
DA:31,1
DA:35,2
DA:40,2
DA:41,1
DA:45,4
DA:48,4
DA:59,4
DA:60,3
DA:63,3
DA:64,3
DA:67,2
DA:72,2
DA:74,1
DA:75,1
DA:85,1
DA:101,1
DA:112,3
LF:30
LH:30
BRDA:13,0,0,1
BRDA:13,0,1,5
BRDA:16,1,0,2
BRDA:16,1,1,4
BRDA:18,2,0,1
BRDA:18,2,1,1
BRDA:23,3,0,1
BRDA:23,3,1,5
BRDA:30,4,0,1
BRDA:30,4,1,1
BRDA:40,5,0,1
BRDA:40,5,1,1
BRDA:45,6,0,4
BRDA:45,6,1,1
BRDA:59,7,0,1
BRDA:59,7,1,3
BRDA:64,8,0,1
BRDA:64,8,1,2
BRDA:64,9,0,3
BRDA:64,9,1,2
BRDA:72,10,0,1
BRDA:72,10,1,1
BRDA:72,11,0,2
BRDA:72,11,1,2
BRDA:87,12,0,1
BRDA:87,12,1,1
BRDA:88,13,0,1
BRDA:88,13,1,1
BRDA:89,14,0,1
BRDA:89,14,1,1
BRDA:91,15,0,1
BRDA:91,15,1,1
BRDA:92,16,0,1
BRDA:92,16,1,1
BRF:34
BRH:34
end_of_record
TN:
SF:src/services/paymentService.ts
FN:8,createPaymentService
FN:14,(anonymous_1)
FN:28,(anonymous_2)
FNF:3
FNH:3
FNDA:2,createPaymentService
FNDA:8,(anonymous_1)
FNDA:1,(anonymous_2)
DA:9,2
DA:15,8
DA:16,2
DA:19,1
DA:25,1
DA:34,1
DA:39,1
LF:7
LH:7
BRDA:8,0,0,1
BRDA:21,1,0,1
BRDA:21,1,1,0
BRF:3
BRH:2
end_of_record
TN:
SF:src/services/reportService.ts
FN:7,(anonymous_0)
FN:11,(anonymous_1)
FN:15,(anonymous_2)
FNF:3
FNH:3
FNDA:1,(anonymous_0)
FNDA:1,(anonymous_1)
FNDA:2,(anonymous_2)
DA:6,1
DA:8,1
DA:12,1
DA:16,2
LF:4
LH:4
BRDA:17,0,0,2
BRDA:17,0,1,1
BRF:2
BRH:2
end_of_record
TN:
SF:src/stores/authStore.ts
FN:17,(anonymous_0)
FN:23,(anonymous_1)
FN:35,(anonymous_2)
FN:55,(anonymous_3)
FN:65,(anonymous_4)
FN:75,(anonymous_5)
FNF:6
FNH:5
FNDA:1,(anonymous_0)
FNDA:1,(anonymous_1)
FNDA:0,(anonymous_2)
FNDA:3,(anonymous_3)
FNDA:1,(anonymous_4)
FNDA:2,(anonymous_5)
DA:17,1
DA:24,1
DA:25,1
DA:26,1
DA:34,1
DA:36,0
DA:41,0
DA:42,0
DA:43,0
DA:44,0
DA:46,0
DA:51,0
DA:56,3
DA:57,3
DA:58,3
DA:59,2
DA:61,3
DA:66,1
DA:67,1
DA:68,1
DA:69,1
DA:71,1
DA:76,2
DA:77,2
DA:81,2
LF:25
LH:18
BRDA:28,0,0,1
BRDA:28,0,1,0
BRDA:36,1,0,0
BRDA:36,1,1,0
BRDA:37,2,0,0
BRDA:37,2,1,0
BRDA:37,2,2,0
BRDA:41,3,0,0
BRDA:41,3,1,0
BRDA:42,4,0,0
BRDA:42,4,1,0
BRDA:44,5,0,0
BRDA:44,5,1,0
BRF:13
BRH:1
end_of_record
TN:
SF:src/stores/createPaginatedStore.ts
FN:25,createPaginatedStore
FN:31,(anonymous_1)
FN:41,(anonymous_2)
FN:42,(anonymous_3)
FN:55,(anonymous_4)
FN:62,(anonymous_5)
FN:74,(anonymous_6)
FN:78,(anonymous_7)
FN:79,(anonymous_8)
FN:89,(anonymous_9)
FN:96,(anonymous_10)
FN:97,(anonymous_11)
FNF:12
FNH:12
FNDA:7,createPaginatedStore
FNDA:7,(anonymous_1)
FNDA:1,(anonymous_2)
FNDA:1,(anonymous_3)
FNDA:9,(anonymous_4)
FNDA:8,(anonymous_5)
FNDA:7,(anonymous_6)
FNDA:1,(anonymous_7)
FNDA:1,(anonymous_8)
FNDA:1,(anonymous_9)
FNDA:1,(anonymous_10)
FNDA:1,(anonymous_11)
DA:28,7
DA:30,7
DA:31,7
DA:42,1
DA:44,1
DA:48,1
DA:49,1
DA:50,1
DA:52,1
DA:56,9
DA:57,9
DA:58,8
DA:60,8
DA:62,8
DA:63,8
DA:64,8
DA:65,8
DA:66,6
DA:67,6
DA:71,8
DA:72,8
DA:74,7
DA:75,7
DA:76,5
DA:78,2
DA:79,2
DA:80,2
DA:82,7
DA:83,7
DA:84,7
DA:85,7
DA:86,7
DA:89,1
DA:90,1
DA:91,1
DA:97,1
DA:98,1
DA:99,1
DA:100,1
DA:101,1
DA:102,1
DA:103,1
DA:104,1
LF:43
LH:43
BRDA:28,0,0,0
BRDA:55,1,0,3
BRDA:57,2,0,1
BRDA:57,2,1,8
BRDA:58,3,0,0
BRDA:58,3,1,8
BRDA:58,4,0,8
BRDA:58,4,1,2
BRDA:60,5,0,6
BRDA:60,5,1,2
BRDA:65,6,0,6
BRDA:65,6,1,2
BRDA:75,7,0,5
BRDA:75,7,1,2
BRF:14
BRH:12
end_of_record
TN:
SF:src/stores/customerStore.ts
FN:35,(anonymous_0)
FN:51,(anonymous_1)
FN:52,(anonymous_2)
FN:58,(anonymous_3)
FN:59,(anonymous_4)
FN:65,(anonymous_5)
FN:71,(anonymous_6)
FN:78,(anonymous_7)
FN:79,(anonymous_8)
FN:92,(anonymous_9)
FN:99,(anonymous_10)
FN:106,(anonymous_11)
FN:107,(anonymous_12)
FN:113,(anonymous_13)
FN:120,(anonymous_14)
FN:128,(anonymous_15)
FN:129,(anonymous_16)
FN:135,(anonymous_17)
FN:136,(anonymous_18)
FN:144,(anonymous_19)
FN:155,(anonymous_20)
FNF:21
FNH:21
FNDA:1,(anonymous_0)
FNDA:1,(anonymous_1)
FNDA:1,(anonymous_2)
FNDA:4,(anonymous_3)
FNDA:4,(anonymous_4)
FNDA:3,(anonymous_5)
FNDA:1,(anonymous_6)
FNDA:2,(anonymous_7)
FNDA:2,(anonymous_8)
FNDA:1,(anonymous_9)
FNDA:1,(anonymous_10)
FNDA:3,(anonymous_11)
FNDA:3,(anonymous_12)
FNDA:2,(anonymous_13)
FNDA:1,(anonymous_14)
FNDA:3,(anonymous_15)
FNDA:3,(anonymous_16)
FNDA:2,(anonymous_17)
FNDA:1,(anonymous_18)
FNDA:1,(anonymous_19)
FNDA:3,(anonymous_20)
DA:34,1
DA:35,1
DA:52,1
DA:53,1
DA:55,1
DA:59,4
DA:60,4
DA:61,4
DA:63,4
DA:64,4
DA:65,3
DA:66,3
DA:67,3
DA:68,3
DA:71,1
DA:72,1
DA:73,1
DA:79,2
DA:80,2
DA:81,2
DA:82,2
DA:83,2
DA:85,2
DA:86,2
DA:92,1
DA:93,1
DA:94,1
DA:95,1
DA:96,1
DA:99,1
DA:100,1
DA:101,1
DA:107,3
DA:108,3
DA:109,3
DA:111,3
DA:112,3
DA:113,2
DA:114,2
DA:115,2
DA:116,2
DA:118,2
DA:120,1
DA:121,1
DA:122,1
DA:124,1
DA:129,3
DA:130,3
DA:131,3
DA:133,3
DA:134,3
DA:135,2
DA:136,2
DA:137,2
DA:138,2
DA:139,2
DA:141,2
DA:142,2
DA:144,1
DA:145,1
DA:146,1
DA:148,1
DA:155,1
DA:156,3
DA:157,1
LF:65
LH:65
BRDA:58,0,0,0
BRDA:137,1,0,1
BRDA:137,1,1,1
BRDA:138,2,0,1
BRDA:138,2,1,1
BRDA:156,3,0,1
BRDA:156,3,1,2
BRDA:156,4,0,3
BRDA:156,4,1,2
BRF:9
BRH:8
end_of_record
TN:
SF:src/stores/dashboardStore.ts
FN:16,(anonymous_0)
FN:21,(anonymous_1)
FN:22,(anonymous_2)
FN:28,(anonymous_3)
FN:33,(anonymous_4)
FN:43,(anonymous_5)
FNF:6
FNH:6
FNDA:1,(anonymous_0)
FNDA:6,(anonymous_1)
FNDA:6,(anonymous_2)
FNDA:5,(anonymous_3)
FNDA:1,(anonymous_4)
FNDA:5,(anonymous_5)
DA:15,1
DA:16,1
DA:22,6
DA:23,6
DA:24,6
DA:26,6
DA:27,6
DA:28,5
DA:29,5
DA:30,5
DA:33,1
DA:34,1
DA:35,1
DA:43,1
DA:44,5
DA:49,3
LF:16
LH:16
BRDA:44,0,0,3
BRDA:44,0,1,2
BRDA:45,1,0,5
BRDA:45,1,1,4
BRDA:45,1,2,3
BRF:5
BRH:5
end_of_record
TN:
SF:src/stores/financeStore.ts
FN:8,defaultDateRange
FN:38,(anonymous_1)
FN:47,(anonymous_2)
FN:50,(anonymous_3)
FN:54,(anonymous_4)
FN:73,(anonymous_5)
FN:80,(anonymous_6)
FN:87,(anonymous_7)
FN:88,(anonymous_8)
FN:94,(anonymous_9)
FN:96,(anonymous_10)
FN:100,(anonymous_11)
FN:110,(anonymous_12)
FN:115,(anonymous_13)
FN:122,(anonymous_14)
FN:124,(anonymous_15)
FN:128,(anonymous_16)
FN:137,(anonymous_17)
FN:142,(anonymous_18)
FN:149,(anonymous_19)
FN:151,(anonymous_20)
FN:155,(anonymous_21)
FN:164,(anonymous_22)
FN:169,(anonymous_23)
FN:176,(anonymous_24)
FN:177,(anonymous_25)
FN:183,(anonymous_26)
FN:190,(anonymous_27)
FN:201,(anonymous_28)
FNF:29
FNH:29
FNDA:4,defaultDateRange
FNDA:1,(anonymous_1)
FNDA:4,(anonymous_2)
FNDA:1,(anonymous_3)
FNDA:4,(anonymous_4)
FNDA:3,(anonymous_5)
FNDA:1,(anonymous_6)
FNDA:1,(anonymous_7)
FNDA:1,(anonymous_8)
FNDA:3,(anonymous_9)
FNDA:1,(anonymous_10)
FNDA:3,(anonymous_11)
FNDA:2,(anonymous_12)
FNDA:1,(anonymous_13)
FNDA:3,(anonymous_14)
FNDA:1,(anonymous_15)
FNDA:3,(anonymous_16)
FNDA:2,(anonymous_17)
FNDA:1,(anonymous_18)
FNDA:9,(anonymous_19)
FNDA:1,(anonymous_20)
FNDA:9,(anonymous_21)
FNDA:8,(anonymous_22)
FNDA:1,(anonymous_23)
FNDA:3,(anonymous_24)
FNDA:3,(anonymous_25)
FNDA:2,(anonymous_26)
FNDA:1,(anonymous_27)
FNDA:4,(anonymous_28)
DA:9,4
DA:10,4
DA:37,1
DA:38,1
DA:49,4
DA:50,1
DA:51,1
DA:54,4
DA:55,4
DA:56,4
DA:58,4
DA:59,4
DA:73,3
DA:74,3
DA:75,3
DA:76,3
DA:77,3
DA:80,1
DA:81,1
DA:82,1
DA:88,1
DA:89,1
DA:91,1
DA:95,3
DA:96,1
DA:97,1
DA:100,3
DA:101,3
DA:102,3
DA:104,3
DA:105,3
DA:110,2
DA:111,2
DA:112,2
DA:115,1
DA:116,1
DA:117,1
DA:123,3
DA:124,1
DA:125,1
DA:128,3
DA:129,3
DA:130,3
DA:132,3
DA:133,3
DA:137,2
DA:138,2
DA:139,2
DA:142,1
DA:143,1
DA:144,1
DA:150,9
DA:151,1
DA:152,1
DA:155,9
DA:156,9
DA:157,9
DA:159,9
DA:160,9
DA:164,8
DA:165,8
DA:166,8
DA:169,1
DA:170,1
DA:171,1
DA:177,3
DA:178,3
DA:179,3
DA:181,3
DA:182,3
DA:183,2
DA:184,2
DA:185,2
DA:187,2
DA:188,2
DA:190,1
DA:191,1
DA:192,1
DA:194,1
DA:201,1
DA:202,4
DA:203,4
LF:82
LH:82
BRDA:49,0,0,1
BRDA:49,0,1,3
BRDA:95,1,0,1
BRDA:95,1,1,2
BRDA:123,2,0,1
BRDA:123,2,1,2
BRDA:150,3,0,1
BRDA:150,3,1,8
BRDA:202,4,0,4
BRDA:202,4,1,0
BRDA:202,5,0,4
BRDA:202,5,1,3
BRF:12
BRH:11
end_of_record
TN:
SF:src/stores/inventoryStore.ts
FN:48,(anonymous_0)
FN:57,(anonymous_1)
FN:58,(anonymous_2)
FN:64,(anonymous_3)
FN:71,(anonymous_4)
FN:84,(anonymous_5)
FN:88,(anonymous_6)
FN:89,(anonymous_7)
FN:98,(anonymous_8)
FN:105,(anonymous_9)
FN:106,(anonymous_10)
FN:112,(anonymous_11)
FN:120,(anonymous_12)
FN:128,(anonymous_13)
FN:129,(anonymous_14)
FN:135,(anonymous_15)
FN:136,(anonymous_16)
FN:144,(anonymous_17)
FN:152,(anonymous_18)
FN:153,(anonymous_19)
FN:161,(anonymous_20)
FN:162,(anonymous_21)
FN:170,(anonymous_22)
FN:178,(anonymous_23)
FN:179,(anonymous_24)
FN:185,(anonymous_25)
FN:186,(anonymous_26)
FN:195,(anonymous_27)
FN:204,(anonymous_28)
FN:205,(anonymous_29)
FN:218,(anonymous_30)
FNF:31
FNH:24
FNDA:1,(anonymous_0)
FNDA:0,(anonymous_1)
FNDA:0,(anonymous_2)
FNDA:5,(anonymous_3)
FNDA:5,(anonymous_4)
FNDA:1,(anonymous_5)
FNDA:0,(anonymous_6)
FNDA:2,(anonymous_7)
FNDA:4,(anonymous_8)
FNDA:2,(anonymous_9)
FNDA:2,(anonymous_10)
FNDA:1,(anonymous_11)
FNDA:1,(anonymous_12)
FNDA:1,(anonymous_13)
FNDA:1,(anonymous_14)
FNDA:1,(anonymous_15)
FNDA:1,(anonymous_16)
FNDA:0,(anonymous_17)
FNDA:2,(anonymous_18)
FNDA:2,(anonymous_19)
FNDA:1,(anonymous_20)
FNDA:1,(anonymous_21)
FNDA:1,(anonymous_22)
FNDA:1,(anonymous_23)
FNDA:1,(anonymous_24)
FNDA:1,(anonymous_25)
FNDA:1,(anonymous_26)
FNDA:0,(anonymous_27)
FNDA:0,(anonymous_28)
FNDA:0,(anonymous_29)
FNDA:3,(anonymous_30)
DA:37,1
DA:45,1
DA:47,1
DA:48,1
DA:58,0
DA:59,0
DA:61,0
DA:65,5
DA:66,5
DA:67,5
DA:69,5
DA:71,5
DA:72,5
DA:73,5
DA:74,5
DA:77,5
DA:78,5
DA:84,1
DA:85,1
DA:86,0
DA:88,1
DA:89,2
DA:90,1
DA:92,1
DA:93,1
DA:94,1
DA:95,1
DA:98,4
DA:99,4
DA:100,4
DA:106,2
DA:107,2
DA:108,2
DA:110,2
DA:111,2
DA:112,1
DA:113,1
DA:114,1
DA:115,1
DA:117,1
DA:118,1
DA:120,1
DA:121,1
DA:122,1
DA:124,1
DA:129,1
DA:130,1
DA:131,1
DA:133,1
DA:134,1
DA:135,1
DA:136,1
DA:137,1
DA:138,1
DA:140,1
DA:142,1
DA:144,0
DA:145,0
DA:146,0
DA:148,0
DA:153,2
DA:154,2
DA:155,2
DA:157,2
DA:158,2
DA:160,1
DA:161,1
DA:162,1
DA:163,1
DA:164,1
DA:166,1
DA:168,1
DA:170,1
DA:171,1
DA:172,1
DA:174,1
DA:179,1
DA:180,1
DA:181,1
DA:183,1
DA:184,1
DA:185,1
DA:186,1
DA:187,1
DA:188,1
DA:190,1
DA:191,1
DA:193,1
DA:195,0
DA:196,0
DA:197,0
DA:199,0
DA:205,0
DA:206,0
DA:207,0
DA:208,0
DA:209,0
DA:210,0
DA:211,0
DA:218,1
DA:219,3
DA:220,3
LF:102
LH:83
BRDA:64,0,0,2
BRDA:66,1,0,0
BRDA:66,1,1,5
BRDA:67,2,0,0
BRDA:67,2,1,5
BRDA:67,3,0,5
BRDA:67,3,1,2
BRDA:69,4,0,3
BRDA:69,4,1,2
BRDA:74,5,0,3
BRDA:74,5,1,2
BRDA:85,6,0,0
BRDA:85,6,1,1
BRDA:137,7,0,1
BRDA:137,7,1,0
BRDA:163,8,0,1
BRDA:163,8,1,0
BRDA:187,9,0,1
BRDA:187,9,1,0
BRDA:219,10,0,3
BRDA:219,10,1,0
BRF:21
BRH:14
end_of_record
TN:
SF:src/stores/invoiceStore.ts
FN:27,(anonymous_0)
FN:36,(anonymous_1)
FN:37,(anonymous_2)
FN:44,(anonymous_3)
FN:49,(anonymous_4)
FN:53,(anonymous_5)
FN:55,(anonymous_6)
FN:68,(anonymous_7)
FN:72,(anonymous_8)
FN:81,(anonymous_9)
FN:85,(anonymous_10)
FN:100,(anonymous_11)
FN:103,(anonymous_12)
FN:104,(anonymous_13)
FN:117,(anonymous_14)
FNF:15
FNH:15
FNDA:1,(anonymous_0)
FNDA:1,(anonymous_1)
FNDA:1,(anonymous_2)
FNDA:6,(anonymous_3)
FNDA:5,(anonymous_4)
FNDA:1,(anonymous_5)
FNDA:1,(anonymous_6)
FNDA:2,(anonymous_7)
FNDA:1,(anonymous_8)
FNDA:2,(anonymous_9)
FNDA:1,(anonymous_10)
FNDA:1,(anonymous_11)
FNDA:1,(anonymous_12)
FNDA:1,(anonymous_13)
FNDA:3,(anonymous_14)
DA:26,1
DA:27,1
DA:37,1
DA:38,1
DA:39,1
DA:41,1
DA:45,6
DA:46,6
DA:47,6
DA:48,6
DA:49,5
DA:50,5
DA:51,4
DA:53,1
DA:54,1
DA:55,1
DA:59,5
DA:60,5
DA:61,5
DA:64,1
DA:69,2
DA:70,2
DA:71,2
DA:72,1
DA:73,1
DA:74,1
DA:77,1
DA:82,2
DA:83,2
DA:84,2
DA:85,1
DA:86,1
DA:87,1
DA:91,1
DA:93,1
DA:95,1
DA:96,1
DA:101,1
DA:104,1
DA:105,1
DA:106,1
DA:107,1
DA:108,1
DA:109,1
DA:110,1
DA:117,1
DA:118,3
DA:119,1
LF:48
LH:48
BRDA:44,0,0,3
BRDA:50,1,0,4
BRDA:50,1,1,1
BRDA:118,2,0,1
BRDA:118,2,1,2
BRDA:118,3,0,3
BRDA:118,3,1,2
BRF:7
BRH:7
end_of_record
TN:
SF:src/stores/notificationStore.ts
FN:20,(anonymous_0)
FN:26,(anonymous_1)
FN:27,(anonymous_2)
FN:33,(anonymous_3)
FN:39,(anonymous_4)
FN:46,(anonymous_5)
FN:49,(anonymous_6)
FN:50,(anonymous_7)
FN:54,(anonymous_8)
FN:57,(anonymous_9)
FN:63,(anonymous_10)
FN:64,(anonymous_11)
FN:65,(anonymous_12)
FN:71,(anonymous_13)
FNF:14
FNH:13
FNDA:1,(anonymous_0)
FNDA:4,(anonymous_1)
FNDA:4,(anonymous_2)
FNDA:3,(anonymous_3)
FNDA:1,(anonymous_4)
FNDA:4,(anonymous_5)
FNDA:3,(anonymous_6)
FNDA:4,(anonymous_7)
FNDA:6,(anonymous_8)
FNDA:1,(anonymous_9)
FNDA:1,(anonymous_10)
FNDA:2,(anonymous_11)
FNDA:2,(anonymous_12)
FNDA:0,(anonymous_13)
DA:19,1
DA:20,1
DA:27,4
DA:28,4
DA:29,4
DA:31,4
DA:32,4
DA:33,3
DA:34,3
DA:35,3
DA:36,3
DA:39,1
DA:40,1
DA:41,1
DA:47,4
DA:48,4
DA:49,3
DA:50,4
DA:51,3
DA:52,3
DA:54,6
DA:57,1
DA:58,1
DA:64,2
DA:65,2
DA:71,1
DA:72,0
DA:73,0
LF:28
LH:26
BRDA:51,0,0,3
BRDA:51,0,1,0
BRDA:72,1,0,0
BRDA:72,1,1,0
BRF:4
BRH:1
end_of_record
TN:
SF:src/stores/orderStore.ts
FN:31,(anonymous_0)
FN:40,(anonymous_1)
FN:50,(anonymous_2)
FN:70,(anonymous_3)
FN:84,(anonymous_4)
FNF:5
FNH:3
FNDA:1,(anonymous_0)
FNDA:2,(anonymous_1)
FNDA:0,(anonymous_2)
FNDA:2,(anonymous_3)
FNDA:0,(anonymous_4)
DA:31,1
DA:41,2
DA:42,2
DA:43,2
DA:44,1
DA:46,1
DA:51,0
DA:52,0
DA:53,0
DA:59,0
DA:65,0
DA:66,0
DA:71,2
DA:72,2
DA:73,2
DA:74,1
DA:75,1
DA:77,1
DA:79,1
DA:80,1
DA:85,0
LF:21
LH:14
BRF:0
BRH:0
end_of_record
TN:
SF:src/theme/ThemeProvider.tsx
FN:19,ThemeProvider
FN:24,(anonymous_1)
FN:25,(anonymous_2)
FN:36,(anonymous_3)
FN:38,(anonymous_4)
FN:41,(anonymous_5)
FN:44,(anonymous_6)
FN:52,(anonymous_7)
FN:56,(anonymous_8)
FN:65,useTheme
FNF:10
FNH:7
FNDA:335,ThemeProvider
FNDA:334,(anonymous_1)
FNDA:334,(anonymous_2)
FNDA:334,(anonymous_3)
FNDA:0,(anonymous_4)
FNDA:334,(anonymous_5)
FNDA:0,(anonymous_6)
FNDA:0,(anonymous_7)
FNDA:334,(anonymous_8)
FNDA:4894,useTheme
DA:7,56
DA:17,56
DA:20,335
DA:21,335
DA:24,335
DA:25,334
DA:26,334
DA:27,0
DA:28,0
DA:29,0
DA:30,0
DA:36,335
DA:37,334
DA:38,334
DA:39,0
DA:41,334
DA:44,335
DA:45,0
DA:46,0
DA:47,0
DA:48,0
DA:49,0
DA:52,335
DA:53,0
DA:56,335
DA:58,335
DA:66,4894
DA:67,4894
DA:68,4894
LF:29
LH:18
BRDA:26,0,0,0
BRDA:26,0,1,334
BRDA:26,1,0,334
BRDA:26,1,1,334
BRDA:26,1,2,334
BRDA:28,2,0,0
BRDA:28,2,1,0
BRDA:29,3,0,0
BRDA:29,3,1,0
BRDA:37,4,0,0
BRDA:37,4,1,334
BRDA:46,5,0,0
BRDA:46,5,1,0
BRDA:47,6,0,0
BRDA:47,6,1,0
BRDA:53,7,0,0
BRDA:53,7,1,0
BRDA:67,8,0,0
BRDA:67,8,1,4894
BRF:19
BRH:6
end_of_record
TN:
SF:src/theme/colors.ts
FN:161,(anonymous_0)
FN:197,buildTheme
FNF:2
FNH:2
FNDA:446,(anonymous_0)
FNDA:446,buildTheme
DA:6,56
DA:53,56
DA:100,56
DA:144,56
DA:154,56
DA:161,446
DA:198,446
DA:209,56
DA:210,56
LF:9
LH:9
BRDA:102,0,0,56
BRDA:102,0,1,0
BRDA:104,1,0,56
BRDA:104,1,1,0
BRDA:163,2,0,446
BRDA:163,2,1,0
BRDA:165,3,0,56
BRDA:165,3,1,390
BRDA:167,4,0,56
BRDA:167,4,1,390
BRDA:174,5,0,446
BRDA:174,5,1,0
BRDA:176,6,0,56
BRDA:176,6,1,390
BRDA:178,7,0,56
BRDA:178,7,1,390
BRDA:185,8,0,446
BRDA:185,8,1,0
BRDA:187,9,0,56
BRDA:187,9,1,390
BRDA:189,10,0,56
BRDA:189,10,1,390
BRDA:200,11,0,56
BRDA:200,11,1,390
BRF:24
BRH:19
end_of_record
TN:
SF:src/theme/layout.ts
FNF:0
FNH:0
DA:7,17
LF:1
LH:1
BRF:0
BRH:0
end_of_record
TN:
SF:src/utils/color.ts
FN:5,withOpacity
FN:7,(anonymous_1)
FNF:2
FNH:2
FNDA:56,withOpacity
FNDA:3,(anonymous_1)
DA:6,56
DA:7,56
DA:8,56
DA:9,56
DA:10,56
DA:11,56
LF:6
LH:6
BRDA:7,0,0,1
BRDA:7,0,1,55
BRF:2
BRH:2
end_of_record
TN:
SF:src/utils/currency.ts
FN:6,formatINR
FN:25,parseINR
FN:34,formatINRShort
FN:48,numberToIndianWords
FN:84,convert
FNF:5
FNH:5
FNDA:12,formatINR
FNDA:4,parseINR
FNDA:4,formatINRShort
FNDA:10,numberToIndianWords
FNDA:33,convert
DA:7,12
DA:8,12
DA:9,12
DA:12,12
DA:13,12
DA:15,12
DA:17,12
DA:18,12
DA:19,12
DA:26,4
DA:27,4
DA:35,4
DA:36,1
DA:37,3
DA:38,1
DA:39,2
DA:40,1
DA:42,1
DA:49,10
DA:71,10
DA:85,33
DA:86,23
DA:87,15
DA:88,11
DA:89,7
DA:90,3
DA:91,2
DA:94,10
DA:95,10
DA:97,10
DA:98,10
DA:99,10
DA:100,10
DA:101,10
DA:102,10
LF:35
LH:35
BRDA:6,0,0,9
BRDA:6,1,0,11
BRDA:15,2,0,6
BRDA:15,2,1,6
BRDA:17,3,0,1
BRDA:17,3,1,11
BRDA:18,4,0,11
BRDA:18,4,1,1
BRDA:19,5,0,11
BRDA:19,5,1,1
BRDA:27,6,0,4
BRDA:27,6,1,2
BRDA:35,7,0,1
BRDA:35,7,1,3
BRDA:37,8,0,1
BRDA:37,8,1,2
BRDA:39,9,0,1
BRDA:39,9,1,1
BRDA:85,10,0,10
BRDA:85,10,1,23
BRDA:86,11,0,8
BRDA:86,11,1,15
BRDA:87,12,0,4
BRDA:87,12,1,11
BRDA:88,13,0,4
BRDA:88,13,1,7
BRDA:89,14,0,4
BRDA:89,14,1,3
BRDA:90,15,0,1
BRDA:90,15,1,2
BRDA:98,16,0,1
BRDA:98,16,1,9
BRDA:100,17,0,1
BRDA:100,17,1,9
BRF:34
BRH:34
end_of_record
TN:
SF:src/utils/dateUtils.ts
FN:9,formatDate
FN:17,formatRelativeDate
FN:27,getCurrentFinancialYear
FN:42,getFinancialYearStart
FN:53,formatShortDate
FN:61,todayISO
FNF:6
FNH:5
FNDA:8,formatDate
FNDA:3,formatRelativeDate
FNDA:4,getCurrentFinancialYear
FNDA:3,getFinancialYearStart
FNDA:1,formatShortDate
FNDA:0,todayISO
DA:10,8
DA:11,8
DA:18,3
DA:19,3
DA:20,2
DA:21,1
DA:28,4
DA:29,4
DA:30,4
DA:32,4
DA:33,2
DA:35,2
DA:43,3
DA:44,3
DA:45,3
DA:46,3
DA:47,3
DA:54,1
DA:55,1
DA:62,0
LF:20
LH:19
BRDA:10,0,0,7
BRDA:10,0,1,1
BRDA:11,1,0,8
BRDA:11,1,1,8
BRDA:18,2,0,3
BRDA:18,2,1,0
BRDA:19,3,0,1
BRDA:19,3,1,2
BRDA:20,4,0,1
BRDA:20,4,1,1
BRDA:32,5,0,2
BRDA:32,5,1,2
BRDA:46,6,0,2
BRDA:46,6,1,1
BRDA:54,7,0,1
BRDA:54,7,1,0
BRF:16
BRH:14
end_of_record
TN:
SF:src/utils/gstCalculator.ts
FN:17,calculateLineItemTax
FN:49,calculateInvoiceTotals
FN:94,(anonymous_2)
FN:107,round2
FNF:4
FNH:4
FNDA:58,calculateLineItemTax
FNDA:93,calculateInvoiceTotals
FNDA:6,(anonymous_2)
FNDA:772,round2
DA:24,58
DA:25,58
DA:26,58
DA:27,58
DA:29,58
DA:30,58
DA:31,58
DA:33,58
DA:34,4
DA:36,54
DA:37,54
DA:40,58
DA:41,58
DA:43,58
DA:53,93
DA:54,93
DA:55,93
DA:56,93
DA:57,93
DA:58,93
DA:60,93
DA:61,44
DA:62,44
DA:70,44
DA:71,44
DA:72,44
DA:73,44
DA:74,44
DA:77,44
DA:85,44
DA:86,44
DA:87,44
DA:88,44
DA:89,44
DA:90,44
DA:93,93
DA:94,93
DA:96,93
DA:108,772
LF:39
LH:39
BRDA:33,0,0,4
BRDA:33,0,1,54
BRDA:61,1,0,44
BRDA:61,1,1,3
BRDA:77,2,0,44
BRDA:77,2,1,42
BRF:6
BRH:6
end_of_record
TN:
SF:src/utils/html.ts
FN:4,escapeHtml
FNF:1
FNH:1
FNDA:11,escapeHtml
DA:5,11
LF:1
LH:1
BRF:0
BRH:0
end_of_record
TN:
SF:src/utils/imageTransform.ts
FN:9,getThumbUrl
FNF:1
FNH:1
FNDA:12,getThumbUrl
DA:14,12
DA:17,9
DA:20,7
DA:22,5
DA:23,5
LF:5
LH:5
BRDA:11,0,0,8
BRDA:12,1,0,9
BRDA:14,2,0,3
BRDA:14,2,1,9
BRDA:17,3,0,2
BRDA:17,3,1,7
BRDA:20,4,0,2
BRDA:20,4,1,5
BRDA:20,5,0,7
BRDA:20,5,1,6
BRDA:22,6,0,1
BRDA:22,6,1,4
BRF:12
BRH:12
end_of_record
TN:
SF:src/utils/itemNameParser.ts
FN:12,extractBaseItemNumber
FN:31,isSameTileSet
FN:40,groupByBaseItemNumber
FNF:3
FNH:3
FNDA:21,extractBaseItemNumber
FNDA:3,isSameTileSet
FNDA:3,groupByBaseItemNumber
DA:13,21
DA:17,20
DA:18,20
DA:21,20
DA:22,20
DA:25,2
DA:32,3
DA:33,3
DA:34,3
DA:43,3
DA:44,3
DA:45,4
DA:46,4
DA:47,4
DA:49,3
LF:15
LH:15
BRDA:13,0,0,1
BRDA:13,0,1,20
BRDA:22,1,0,18
BRDA:22,1,1,2
BRDA:34,2,0,3
BRDA:34,2,1,3
BRDA:46,3,0,4
BRDA:46,3,1,3
BRF:8
BRH:8
end_of_record
TN:
SF:src/utils/logger.ts
FN:10,(anonymous_0)
FN:14,(anonymous_1)
FN:18,(anonymous_2)
FN:22,(anonymous_3)
FNF:4
FNH:4
FNDA:3,(anonymous_0)
FNDA:54,(anonymous_1)
FNDA:3,(anonymous_2)
FNDA:8,(anonymous_3)
DA:9,24
DA:11,3
DA:15,54
DA:19,3
DA:23,8
LF:5
LH:5
BRDA:11,0,0,2
BRDA:11,0,1,1
BRDA:15,1,0,53
BRDA:15,1,1,1
BRF:4
BRH:4
end_of_record
TN:
SF:src/utils/retry.ts
FN:11,withRetry
FN:13,(anonymous_1)
FN:20,(anonymous_2)
FNF:3
FNH:3
FNDA:9,withRetry
FNDA:6,(anonymous_1)
FNDA:6,(anonymous_2)
DA:13,6
DA:15,9
DA:16,15
DA:17,15
DA:19,11
DA:20,6
DA:24,0
LF:7
LH:6
BRDA:13,0,0,1
BRDA:13,1,0,1
BRDA:13,2,0,3
BRDA:13,3,0,6
BRDA:19,4,0,5
BRDA:19,4,1,6
BRDA:19,5,0,11
BRDA:19,5,1,8
BRF:8
BRH:8
end_of_record
TN:
SF:src/utils/validation.ts
FN:8,validateWith
FNF:1
FNH:1
FNDA:23,validateWith
DA:9,23
DA:10,23
DA:12,15
DA:13,14
DA:14,14
DA:15,18
DA:16,18
DA:17,18
DA:19,14
DA:21,1
LF:10
LH:10
BRDA:12,0,0,14
BRDA:12,0,1,1
BRDA:15,1,0,18
BRDA:15,1,1,1
BRDA:16,2,0,18
BRDA:16,2,1,0
BRF:6
BRH:5
end_of_record
